<?xml version="1.0" encoding="UTF-8"?>
<!-- Generated by org.testng.reporters.JUnitReportReporter -->
<testsuite hostname="E788AE1DB3A097" name="com.ericsson.oss.services.sut.test.cases.ComEricssonOssServices_FunctionalTest" tests="1" failures="0" timestamp="22 Apr 2014 15:07:12 GMT" time="4.798" errors="0">
  <testcase name="testOfCLI" time="4.798" classname="com.ericsson.oss.services.sut.test.cases.ComEricssonOssServices_FunctionalTest"/>
</testsuite> <!-- com.ericsson.oss.services.sut.test.cases.ComEricssonOssServices_FunctionalTest -->
